生成启动时间为 2018/2/23 22:05:58。
     1>项目“H:\QTS\远控\MyServer\MyServer.vcxproj”在节点 2 上(build 个目标)。
     1>InitializeBuildStatus:
         正在创建“.\Debug\MyServer.unsuccessfulbuild”，因为已指定“AlwaysCreate”。
       ClCompile:
         所有输出均为最新。
         C:\Program Files (x86)\Microsoft Visual Studio 10.0\VC\bin\CL.exe /c /ZI /nologo /W3 /WX- /Od /Oy- /D WIN32 /D _DEBUG /D _WINDOWS /D _VC80_UPGRADE=0x0600 /D _MBCS /D _AFXDLL /Gm /EHsc /RTC1 /MDd /GS /Gy- /fp:precise /Zc:wchar_t /Zc:forScope /Yu"stdafx.h" /Fp".\Debug\MyServer.pch" /Fo".\Debug\\" /Fd".\Debug\vc100.pdb" /FR".\Debug\\" /Gd /TP /analyze- /errorReport:prompt GetHDSerial.cpp GetScreenToBitmap.cpp Jpegfile.cpp MyServer.cpp MyServerDlg.cpp TcpTran.cpp huffman.cpp
         正在跳过...(未检测到相关更改)
         huffman.cpp
         TcpTran.cpp
         MyServerDlg.cpp
         MyServer.cpp
         Jpegfile.cpp
         GetScreenToBitmap.cpp
         GetHDSerial.cpp
       ResourceCompile:
         所有输出均为最新。
       ManifestResourceCompile:
         所有输出均为最新。
       Link:
         C:\Program Files (x86)\Microsoft Visual Studio 10.0\VC\bin\link.exe /ERRORREPORT:PROMPT /OUT:".\Debug\MyServer.exe" /INCREMENTAL /NOLOGO Debug/JpegLib.lib /MANIFEST /ManifestFile:".\Debug\MyServer.exe.intermediate.manifest" /MANIFESTUAC:"level='asInvoker' uiAccess='false'" /DEBUG /PDB:"H:\QTS\远控\MyServer\Debug\MyServer.pdb" /SUBSYSTEM:WINDOWS /TLBID:1 /DYNAMICBASE /NXCOMPAT /IMPLIB:".\Debug\MyServer.lib" /MACHINE:X86 .\Debug\MyServer.res
         .\Debug\MyServer.exe.embed.manifest.res
         .\Debug\GetHDSerial.obj
         .\Debug\GetScreenToBitmap.obj
         .\Debug\huffman.obj
         .\Debug\Jpegfile.obj
         .\Debug\MyServer.obj
         .\Debug\MyServerDlg.obj
         .\Debug\StdAfx.obj
         .\Debug\TcpTran.obj
         LINK : 缺少程序数据库 H:\QTS\远控\MyServer\Debug\MyServer.pdb；正在执行完全链接
     1>LINK : warning LNK4098: 默认库“LIBCMTD”与其他库的使用冲突；请使用 /NODEFAULTLIB:library
       Manifest:
         C:\Program Files (x86)\Microsoft SDKs\Windows\v7.0A\bin\mt.exe /nologo /verbose /out:".\Debug\MyServer.exe.embed.manifest" /manifest .\Debug\MyServer.exe.intermediate.manifest "C:\Program Files (x86)\Microsoft Visual Studio 10.0\VC\Include\Manifest\dpiaware.manifest"
         所有输出均为最新。
       LinkEmbedManifest:
         所有输出均为最新。
         MyServer.vcxproj -> H:\QTS\远控\MyServer\.\Debug\MyServer.exe
       BscMake:
         C:\Program Files (x86)\Microsoft Visual Studio 10.0\VC\bin\bscmake.exe /nologo /o".\Debug\MyServer.bsc" .\Debug\GetHDSerial.sbr .\Debug\GetScreenToBitmap.sbr .\Debug\huffman.sbr .\Debug\Jpegfile.sbr .\Debug\MyServer.sbr .\Debug\MyServerDlg.sbr .\Debug\StdAfx.sbr .\Debug\TcpTran.sbr
       FinalizeBuildStatus:
         正在删除文件“.\Debug\MyServer.unsuccessfulbuild”。
         正在对“.\Debug\MyServer.lastbuildstate”执行 Touch 任务。
     1>已完成生成项目“H:\QTS\远控\MyServer\MyServer.vcxproj”(build 个目标)的操作。

生成成功。

已用时间 00:00:01.41
